<?xml version="1.0" encoding="UTF-8"?>
<!-- Generated by org.testng.reporters.JUnitReportReporter -->
<testsuite skipped="0" hostname="LAPTOP-K2T3RNO9" name="com.zanui.testScripts.ShopFrontLoggedInCheckoutTest" tests="4" failures="0" timestamp="2020-05-19T13:09:59 IST" time="41.306" errors="0">
  <testcase name="LaunchHomePage" time="14.570" classname="com.zanui.testScripts.ShopFrontLoggedInCheckoutTest"/>
  <testcase name="LoginStoreFront" time="5.340" classname="com.zanui.testScripts.ShopFrontLoggedInCheckoutTest"/>
  <testcase name="SearchProduct" time="12.726" classname="com.zanui.testScripts.ShopFrontLoggedInCheckoutTest"/>
  <testcase name="AddProductToCart" time="8.670" classname="com.zanui.testScripts.ShopFrontLoggedInCheckoutTest"/>
</testsuite> <!-- com.zanui.testScripts.ShopFrontLoggedInCheckoutTest -->
