<?xml version="1.0" encoding="UTF-8"?>
<!-- Generated by org.testng.reporters.JUnitReportReporter -->
<testsuite skipped="0" hostname="LAPTOP-K2T3RNO9" name="com.zanui.testScripts.ShopFrontInvalidLoginTest" tests="2" failures="0" timestamp="2020-06-07T16:23:32 IST" time="37.631" errors="0">
  <testcase name="LaunchHomePage" time="27.888" classname="com.zanui.testScripts.ShopFrontInvalidLoginTest"/>
  <testcase name="LoginStoreFront" time="9.743" classname="com.zanui.testScripts.ShopFrontInvalidLoginTest"/>
</testsuite> <!-- com.zanui.testScripts.ShopFrontInvalidLoginTest -->
