<?xml version="1.0" encoding="UTF-8"?>
<!-- Generated by org.testng.reporters.JUnitReportReporter -->
<testsuite skipped="0" hostname="LAPTOP-K2T3RNO9" name="com.zanui.testScripts.ShopFrontGuestCheckoutTest" tests="8" failures="0" timestamp="2020-06-07T15:50:34 IST" time="171.926" errors="0">
  <testcase name="LaunchHomePage" time="18.773" classname="com.zanui.testScripts.ShopFrontGuestCheckoutTest"/>
  <testcase name="SearchProduct" time="22.565" classname="com.zanui.testScripts.ShopFrontGuestCheckoutTest"/>
  <testcase name="AddProductToCart" time="13.088" classname="com.zanui.testScripts.ShopFrontGuestCheckoutTest"/>
  <testcase name="Checkout" time="34.566" classname="com.zanui.testScripts.ShopFrontGuestCheckoutTest"/>
  <testcase name="SelectCustomerType" time="16.756" classname="com.zanui.testScripts.ShopFrontGuestCheckoutTest"/>
  <testcase name="FillAddress" time="18.813" classname="com.zanui.testScripts.ShopFrontGuestCheckoutTest"/>
  <testcase name="FillCardDetails" time="26.750" classname="com.zanui.testScripts.ShopFrontGuestCheckoutTest"/>
  <testcase name="PlaceOrder" time="20.615" classname="com.zanui.testScripts.ShopFrontGuestCheckoutTest"/>
</testsuite> <!-- com.zanui.testScripts.ShopFrontGuestCheckoutTest -->
